# Small Refreshment
# Use: You get back 1 life point.
.start
id:1
persistent:0
effect:$:0x30:0x01:0x00:0x01
value:2
.end

# Swimming (Level 1)
# You are able to swim in riverbanks.
.start
id:2
persistent:1
.end

# Swimming (Level 2)
# You are able to swim in deep water, without inventory and/or gear.
.start
id:3
persistent:1
.end

# Spirit of Gaara
# You are able to swim in deep water.
.start
id:4
persistent:1
.end

# Brick
# Use: Causes 1 damage to target opponent.
.start
id:5
value:5
effect:@:0x31:0x01:0x00:0x01
persistent:0
.end

