==7815== Memcheck, a memory error detector
==7815== Copyright (C) 2002-2010, and GNU GPL'd, by Julian Seward et al.
==7815== Using Valgrind-3.6.1 and LibVEX; rerun with -h for copyright info
==7815== Command: ./a.out
==7815== Parent PID: 25906
==7815== 
==7815== Syscall param socketcall.setsockopt(optval) points to unaddressable byte(s)
==7815==    at 0x56A38FA: setsockopt (in /lib/libc-2.14.so)
==7815==    by 0x401111: main (in /home/ayekat/dev/eyva_0.1d2/playground/a.out)
==7815==  Address 0x0 is not stack'd, malloc'd or (recently) free'd
==7815== 
==7815== 
==7815== HEAP SUMMARY:
==7815==     in use at exit: 0 bytes in 0 blocks
==7815==   total heap usage: 2 allocs, 2 frees, 1,136 bytes allocated
==7815== 
==7815== All heap blocks were freed -- no leaks are possible
==7815== 
==7815== For counts of detected and suppressed errors, rerun with: -v
==7815== ERROR SUMMARY: 1 errors from 1 contexts (suppressed: 7 from 7)
